{"level":"info","message":"Running on PORT 3000"}
{"level":"info","message":"Database connected"}
{"level":"info","message":"Running on PORT 3000"}
{"level":"info","message":"Database connected"}
{"level":"info","message":"Running on PORT 3000"}
{"level":"info","message":"Database connected"}
{"level":"info","message":"Running on PORT 3000"}
{"level":"info","message":"Database connected"}
{"level":"info","message":"Running on PORT 3000"}
{"level":"info","message":"Database connected"}
{"level":"info","message":"Running on PORT 3000"}
{"level":"info","message":"Database connected"}
{"level":"info","message":"Running on PORT 3000"}
{"level":"info","message":"Database connected"}
{"level":"info","message":"Running on PORT 3000"}
{"level":"info","message":"Database connected"}
{"level":"info","message":"Running on PORT 3000"}
{"level":"info","message":"Running on PORT 3000"}
{"level":"info","message":"Running on PORT 3000"}
{"level":"error","message":"Connection lost: The server closed the connection."}
{"level":"info","message":"Running on PORT 3000"}
{"level":"error","message":"Connection lost: The server closed the connection."}
{"level":"info","message":"Running on PORT 3000"}
{"level":"error","message":"Connection lost: The server closed the connection."}
{"level":"info","message":"Running on PORT 3000"}
{"level":"error","message":"Connection lost: The server closed the connection."}
{"level":"info","message":"Running on PORT 3000"}
{"level":"error","message":"Connection lost: The server closed the connection."}
{"level":"info","message":"Running on PORT 3000"}
{"level":"error","message":"Connection lost: The server closed the connection."}
{"level":"info","message":"Running on PORT 3000"}
{"level":"error","message":"Connection lost: The server closed the connection."}
{"level":"info","message":"Running on PORT 3000"}
{"level":"info","message":"Database connected"}
{"level":"info","message":"Running on PORT 3000"}
{"level":"info","message":"Database connected"}
{"level":"info","message":"Running on PORT 3000"}
{"level":"info","message":"Database connected"}
{"level":"info","message":"Running on PORT 3000"}
{"level":"error","message":""}
{"level":"info","message":"Running on PORT 3000"}
{"level":"info","message":"Database connected"}
{"level":"info","message":"Running on PORT 3000"}
{"level":"info","message":"Database connected"}
{"level":"info","message":"Running on PORT 3000"}
{"level":"info","message":"Database connected"}
{"level":"info","message":"Running on PORT 3000"}
{"level":"info","message":"Database connected"}
{"level":"info","message":"Running on PORT 3000"}
{"level":"info","message":"Database connected"}
{"level":"info","message":"Running on PORT 3000"}
{"level":"info","message":"Database connected"}
{"level":"info","message":"Running on PORT 3000"}
{"level":"info","message":"Database connected"}
{"level":"info","message":"Running on PORT 3000"}
{"level":"info","message":"Database connected"}
{"level":"info","message":"Running on PORT 3000"}
{"level":"info","message":"Database connected"}
{"level":"info","message":"Running on PORT 3000"}
{"level":"info","message":"Database connected"}
{"level":"info","message":"Running on PORT 3000"}
{"level":"info","message":"Database connected"}
{"level":"info","message":"Running on PORT 3000"}
{"level":"info","message":"Database connected"}
{"level":"info","message":"Running on PORT 3000"}
{"level":"info","message":"Database connected"}
{"level":"info","message":"Running on PORT 3000"}
{"level":"info","message":"Database connected"}
{"level":"info","message":"Running on PORT 3000"}
{"level":"info","message":"Database connected"}
{"level":"info","message":"Running on PORT 3000"}
{"level":"info","message":"Database connected"}
{"level":"info","message":"Running on PORT 3000"}
{"level":"error","message":""}
{"level":"info","message":"Running on PORT 3000"}
{"level":"info","message":"Database connected"}
{"level":"info","message":"Running on PORT 3000"}
{"level":"info","message":"Database connected"}
{"level":"info","message":"Running on PORT 3000"}
{"level":"info","message":"Database connected"}
{"level":"info","message":"Running on PORT 3000"}
{"level":"info","message":"Database connected"}
{"level":"info","message":"Running on PORT 3000"}
{"level":"info","message":"Database connected"}
{"level":"info","message":"Running on PORT 3000"}
{"level":"info","message":"Database connected"}
{"level":"info","message":"Running on PORT 3000"}
{"level":"info","message":"Database connected"}
{"level":"info","message":"Running on PORT 3000"}
{"level":"info","message":"Database connected"}
{"level":"info","message":"Running on PORT 3000"}
{"level":"info","message":"Database connected"}
{"level":"info","message":"Running on PORT 3000"}
{"level":"info","message":"Database connected"}
{"level":"info","message":"Running on PORT 3000"}
{"level":"info","message":"Database connected"}
{"level":"info","message":"Running on PORT 3000"}
{"level":"info","message":"Database connected"}
{"level":"info","message":"Running on PORT 3000"}
{"level":"info","message":"Database connected"}
{"level":"info","message":"Running on PORT 3000"}
{"level":"info","message":"Database connected"}
{"level":"info","message":"Running on PORT 3000"}
{"level":"info","message":"Database connected"}
{"level":"info","message":"Running on PORT 3000"}
{"level":"info","message":"Database connected"}
{"level":"info","message":"Running on PORT 3000"}
{"level":"info","message":"Database connected"}
{"level":"info","message":"Running on PORT 3000"}
{"level":"info","message":"Database connected"}
{"level":"info","message":"Running on PORT 3000"}
{"level":"info","message":"Database connected"}
{"level":"info","message":"Running on PORT 3000"}
{"level":"info","message":"Database connected"}
{"level":"info","message":"Running on PORT 3000"}
{"level":"info","message":"Database connected"}
{"level":"info","message":"Running on PORT 3000"}
{"level":"info","message":"Database connected"}
{"level":"info","message":"Running on PORT 3000"}
{"level":"info","message":"Database connected"}
{"level":"info","message":"Running on PORT 3000"}
{"level":"info","message":"Database connected"}
{"level":"info","message":"Running on PORT 3000"}
{"level":"info","message":"Database connected"}
{"level":"info","message":"Running on PORT 3000"}
{"level":"info","message":"Database connected"}
{"level":"info","message":"Running on PORT 3000"}
{"level":"error","message":"Connection lost: The server closed the connection."}
{"level":"info","message":"Running on PORT 3000"}
{"level":"error","message":"Connection lost: The server closed the connection."}
{"level":"info","message":"Running on PORT 3000"}
{"level":"error","message":"Connection lost: The server closed the connection."}
{"level":"info","message":"Running on PORT 3000"}
{"level":"info","message":"Database connected"}
{"level":"info","message":"Running on PORT 3000"}
{"level":"info","message":"Database connected"}
{"level":"info","message":"Running on PORT 3000"}
{"level":"info","message":"Database connected"}
{"level":"info","message":"Running on PORT 3000"}
{"level":"info","message":"Database connected"}
{"level":"info","message":"Running on PORT 3000"}
{"level":"info","message":"Database connected"}
{"level":"info","message":"Running on PORT 3000"}
{"level":"info","message":"Database connected"}
{"level":"info","message":"Running on PORT 3000"}
{"level":"info","message":"Database connected"}
{"level":"info","message":"Running on PORT 3000"}
{"level":"info","message":"Database connected"}
{"level":"info","message":"Running on PORT 3000"}
{"level":"error","message":"Connection lost: The server closed the connection."}
{"level":"info","message":"Running on PORT 3000"}
{"level":"info","message":"Database connected"}
{"level":"info","message":"Running on PORT 3000"}
{"level":"info","message":"Database connected"}
{"level":"info","message":"Running on PORT 3000"}
{"level":"info","message":"Database connected"}
{"level":"info","message":"Running on PORT 3000"}
{"level":"info","message":"Database connected"}
{"level":"info","message":"Running on PORT 3000"}
{"level":"info","message":"Database connected"}
{"level":"info","message":"Running on PORT 3000"}
{"level":"info","message":"Database connected"}
{"level":"info","message":"Running on PORT 3000"}
{"level":"info","message":"Database connected"}
{"level":"info","message":"Running on PORT 3000"}
{"level":"info","message":"Database connected"}
{"level":"info","message":"Running on PORT 3000"}
{"level":"info","message":"Database connected"}
{"level":"info","message":"Running on PORT 3000"}
{"level":"info","message":"Database connected"}
{"level":"info","message":"Running on PORT 3000"}
{"level":"info","message":"Database connected"}
{"level":"info","message":"Running on PORT 3000"}
{"level":"info","message":"Database connected"}
{"level":"info","message":"Running on PORT 3000"}
{"level":"info","message":"Database connected"}
{"level":"info","message":"Running on PORT 3000"}
{"level":"info","message":"Database connected"}
{"level":"info","message":"Running on PORT 3000"}
{"level":"info","message":"Database connected"}
{"level":"info","message":"Running on PORT 3000"}
{"level":"info","message":"Database connected"}
{"level":"info","message":"Running on PORT 3000"}
{"level":"info","message":"Database connected"}
{"level":"info","message":"Running on PORT 3000"}
{"level":"info","message":"Database connected"}
{"level":"info","message":"Running on PORT 3000"}
{"level":"info","message":"Database connected"}
{"level":"info","message":"Running on PORT 3000"}
{"level":"info","message":"Database connected"}
{"level":"info","message":"Running on PORT 3000"}
{"level":"info","message":"Database connected"}
{"level":"info","message":"Running on PORT 3000"}
{"level":"info","message":"Database connected"}
{"level":"info","message":"Running on PORT 3000"}
{"level":"info","message":"Database connected"}
{"level":"info","message":"Running on PORT 3000"}
{"level":"info","message":"Database connected"}
{"level":"info","message":"Running on PORT 3000"}
{"level":"info","message":"Database connected"}
{"level":"info","message":"Running on PORT 3000"}
{"level":"info","message":"Database connected"}
{"level":"info","message":"Running on PORT 3000"}
{"level":"info","message":"Database connected"}
{"level":"info","message":"Running on PORT 3000"}
{"level":"info","message":"Database connected"}
{"level":"info","message":"Running on PORT 3000"}
{"level":"info","message":"Database connected"}
{"level":"info","message":"Running on PORT 3000"}
{"level":"info","message":"Database connected"}
{"level":"info","message":"Running on PORT 3000"}
{"level":"info","message":"Database connected"}
{"level":"info","message":"Running on PORT 3000"}
{"level":"info","message":"Database connected"}
{"level":"info","message":"Running on PORT 3000"}
{"level":"info","message":"Database connected"}
{"level":"info","message":"Running on PORT 3000"}
{"level":"info","message":"Database connected"}
{"level":"info","message":"Running on PORT 3000"}
{"level":"info","message":"Database connected"}
{"level":"info","message":"Running on PORT 3000"}
{"level":"info","message":"Database connected"}
{"level":"info","message":"Running on PORT 3000"}
{"level":"info","message":"Database connected"}
{"level":"info","message":"Running on PORT 3000"}
{"level":"info","message":"Database connected"}
{"level":"info","message":"Running on PORT 3000"}
{"level":"info","message":"Database connected"}
{"level":"info","message":"Running on PORT 3000"}
{"level":"info","message":"Database connected"}
<<<<<<< HEAD
{"level":"info","message":"Running on PORT 3000"}
{"level":"info","message":"Database connected"}
{"level":"info","message":"Running on PORT 3000"}
{"level":"info","message":"Database connected"}
{"level":"info","message":"Running on PORT 3000"}
{"level":"info","message":"Database connected"}
{"level":"info","message":"Running on PORT 3000"}
{"level":"info","message":"Database connected"}
{"level":"info","message":"Running on PORT 3000"}
{"level":"info","message":"Database connected"}
{"level":"info","message":"Running on PORT 3000"}
{"level":"info","message":"Database connected"}
{"level":"info","message":"Running on PORT 3000"}
{"level":"info","message":"Database connected"}
{"level":"info","message":"Running on PORT 3000"}
{"level":"info","message":"Database connected"}
{"level":"info","message":"Running on PORT 3000"}
{"level":"info","message":"Database connected"}
{"level":"info","message":"Running on PORT 3000"}
{"level":"info","message":"Database connected"}
{"level":"info","message":"Running on PORT 3000"}
{"level":"info","message":"Database connected"}
=======
{"level":"info","message":"Running on PORT 3000"}
{"level":"error","message":"ER_BAD_DB_ERROR: Unknown database 'seating_bus'"}
{"level":"info","message":"Running on PORT 3000"}
{"level":"error","message":"ER_BAD_DB_ERROR: Unknown database 'seating_bus'"}
{"level":"info","message":"Running on PORT 3000"}
{"level":"error","message":"ER_BAD_DB_ERROR: Unknown database 'seating_bus'"}
{"level":"info","message":"Running on PORT 3000"}
{"level":"info","message":"Database connected"}
{"level":"info","message":"Running on PORT 3000"}
{"level":"error","message":""}
>>>>>>> 49f73a63f157d5b4be4515de3ffa8ce17dc6a935
{"level":"info","message":"Running on PORT 3000"}
{"level":"info","message":"Database connected"}
{"level":"info","message":"Running on PORT 3000"}
{"level":"info","message":"Database connected"}
{"level":"info","message":"Running on PORT 3000"}
{"level":"info","message":"Database connected"}
{"level":"info","message":"Running on PORT 3000"}
{"level":"info","message":"Database connected"}
{"level":"info","message":"Running on PORT 3000"}
{"level":"info","message":"Database connected"}
{"level":"info","message":"Running on PORT 3000"}
{"level":"info","message":"Database connected"}
