{"level":"error","message":"getaddrinfo ENOTFOUND mysql57"}

{"level":"error","message":"ER_BAD_DB_ERROR: Unknown database 'seating_bus'"}
{"level":"error","message":"ER_BAD_DB_ERROR: Unknown database 'seating_bus'"}
{"level":"error","message":"ER_BAD_DB_ERROR: Unknown database 'seating_bus'"}
{"level":"error","message":"ER_BAD_DB_ERROR: Unknown database 'seating_bus'"}
{"level":"error","message":"ER_BAD_DB_ERROR: Unknown database 'seating_bus'"}
{"level":"error","message":"ER_BAD_DB_ERROR: Unknown database 'seating_bus'"}
{"level":"error","message":"ER_BAD_DB_ERROR: Unknown database 'seating_bus'"}
{"level":"error","message":"ER_BAD_DB_ERROR: Unknown database 'seating_bus'"}
{"level":"error","message":"ER_BAD_DB_ERROR: Unknown database 'seating_bus'"}
{"level":"error","message":"ER_BAD_DB_ERROR: Unknown database 'seating_bus'"}
{"level":"error","message":"ER_BAD_DB_ERROR: Unknown database 'seating_bus'"}
{"level":"error","message":"ER_BAD_DB_ERROR: Unknown database 'seating_bus'"}
{"level":"error","message":"ER_BAD_DB_ERROR: Unknown database 'seating_bus'"}
{"level":"error","message":"ER_BAD_DB_ERROR: Unknown database 'seating_bus'"}
{"level":"error","message":"ER_BAD_DB_ERROR: Unknown database 'seating_bus'"}
{"level":"error","message":"ER_BAD_DB_ERROR: Unknown database 'seating_bus'"}
{"level":"error","message":"ER_BAD_DB_ERROR: Unknown database 'seating_bus'"}
{"level":"error","message":"ER_BAD_DB_ERROR: Unknown database 'seating_bus'"}
{"level":"error","message":"ER_BAD_DB_ERROR: Unknown database 'seating_bus'"}
{"level":"error","message":"ER_BAD_DB_ERROR: Unknown database 'seating_bus'"}
{"level":"error","message":"ER_BAD_DB_ERROR: Unknown database 'seating_bus'"}
{"level":"error","message":"ER_BAD_DB_ERROR: Unknown database 'seating_bus'"}
{"level":"error","message":"ER_BAD_DB_ERROR: Unknown database 'seating_bus'"}
{"level":"error","message":"ER_BAD_DB_ERROR: Unknown database 'seating_bus'"}
{"level":"error","message":"ER_BAD_DB_ERROR: Unknown database 'seating_bus'"}
{"level":"error","message":"ER_BAD_DB_ERROR: Unknown database 'seating_bus'"}
{"level":"error","message":"ER_BAD_DB_ERROR: Unknown database 'seating_bus'"}
{"level":"error","message":"ER_BAD_DB_ERROR: Unknown database 'seating_bus'"}
{"level":"error","message":"ER_BAD_DB_ERROR: Unknown database 'seating_bus'"}
{"level":"error","message":"ER_BAD_DB_ERROR: Unknown database 'seating_bus'"}
{"level":"error","message":"ER_BAD_DB_ERROR: Unknown database 'seating_bus'"}
{"level":"error","message":"ER_BAD_DB_ERROR: Unknown database 'seating_bus'"}
{"level":"error","message":"ER_BAD_DB_ERROR: Unknown database 'seating_bus'"}
{"level":"error","message":"ER_BAD_DB_ERROR: Unknown database 'seating_bus'"}
{"level":"error","message":"ER_BAD_DB_ERROR: Unknown database 'seating_bus'"}
{"level":"error","message":"ER_BAD_DB_ERROR: Unknown database 'seating_bus'"}
{"level":"error","message":"ER_BAD_DB_ERROR: Unknown database 'seating_bus'"}
{"level":"error","message":"ER_BAD_DB_ERROR: Unknown database 'seating_bus'"}
{"level":"error","message":"ER_BAD_DB_ERROR: Unknown database 'seating_bus'"}
{"level":"error","message":"ER_BAD_DB_ERROR: Unknown database 'seating_bus'"}
{"level":"error","message":"ER_BAD_DB_ERROR: Unknown database 'seating_bus'"}
{"level":"error","message":"ER_BAD_DB_ERROR: Unknown database 'seating_bus'"}
{"level":"error","message":"ER_BAD_DB_ERROR: Unknown database 'seating_bus'"}
{"level":"error","message":"ER_BAD_DB_ERROR: Unknown database 'seating_bus'"}
{"level":"error","message":"ER_BAD_DB_ERROR: Unknown database 'seating_bus'"}
{"level":"error","message":"ER_BAD_DB_ERROR: Unknown database 'seating_bus'"}
{"level":"error","message":"ER_BAD_DB_ERROR: Unknown database 'seating_bus'"}
{"level":"error","message":"ER_BAD_DB_ERROR: Unknown database 'seating_bus'"}
{"level":"error","message":"ER_BAD_DB_ERROR: Unknown database 'seating_bus'"}
{"level":"error","message":"ER_BAD_DB_ERROR: Unknown database 'seating_bus'"}
{"level":"error","message":"ER_BAD_DB_ERROR: Unknown database 'seating_bus'"}
{"level":"error","message":"ER_BAD_DB_ERROR: Unknown database 'seating_bus'"}
{"level":"error","message":"ER_BAD_DB_ERROR: Unknown database 'seating_bus'"}
{"level":"error","message":"ER_BAD_DB_ERROR: Unknown database 'seating_bus'"}
{"level":"error","message":"ER_BAD_DB_ERROR: Unknown database 'seating_bus'"}
{"level":"error","message":"ER_BAD_DB_ERROR: Unknown database 'seating_bus'"}
{"level":"error","message":"ER_BAD_DB_ERROR: Unknown database 'seating_bus'"}
{"level":"error","message":"ER_BAD_DB_ERROR: Unknown database 'seating_bus'"}
{"level":"error","message":"ER_BAD_DB_ERROR: Unknown database 'seating_bus'"}
{"level":"error","message":"ER_BAD_DB_ERROR: Unknown database 'seating_bus'"}
{"level":"error","message":"ER_BAD_DB_ERROR: Unknown database 'seating_bus'"}
{"level":"error","message":"ER_BAD_DB_ERROR: Unknown database 'seating_bus'"}
{"level":"error","message":"ER_BAD_DB_ERROR: Unknown database 'seating_bus'"}
{"level":"error","message":"ER_BAD_DB_ERROR: Unknown database 'seating_bus'"}
{"level":"error","message":"ER_BAD_DB_ERROR: Unknown database 'seating_bus'"}
{"level":"error","message":"invalid token","name":"JsonWebTokenError"}
{"level":"error","message":"invalid token","name":"JsonWebTokenError"}
{"level":"error","message":"ER_BAD_DB_ERROR: Unknown database 'seating_bus'"}
{"level":"error","message":"invalid token","name":"JsonWebTokenError"}
{"level":"error","message":"invalid token","name":"JsonWebTokenError"}
{"level":"error","message":"invalid token","name":"JsonWebTokenError"}
{"level":"error","message":"ER_BAD_DB_ERROR: Unknown database 'seating_bus'"}
{"level":"error","message":"invalid token","name":"JsonWebTokenError"}
{"level":"error","message":"ER_BAD_DB_ERROR: Unknown database 'seating_bus'"}
{"level":"error","message":"invalid token","name":"JsonWebTokenError"}
{"level":"error","message":"ER_BAD_DB_ERROR: Unknown database 'seating_bus'"}
{"level":"error","message":"invalid token","name":"JsonWebTokenError"}
{"level":"error","message":"ER_BAD_DB_ERROR: Unknown database 'seating_bus'"}
{"level":"error","message":"Error from decoding JsonWebTokenError: invalid token"}
{"level":"error","message":"ER_BAD_DB_ERROR: Unknown database 'seating_bus'"}
{"level":"error","message":"Error from decoding JsonWebTokenError: invalid token"}
{"level":"error","message":"ER_BAD_DB_ERROR: Unknown database 'seating_bus'"}
{"level":"error","message":"ER_BAD_DB_ERROR: Unknown database 'seating_bus'"}
{"level":"error","message":"Error from decoding JsonWebTokenError: invalid token"}
{"level":"error","message":"ER_BAD_DB_ERROR: Unknown database 'seating_bus'"}
{"level":"error","message":"Error from decoding JsonWebTokenError: invalid token"}
{"level":"error","message":"ER_BAD_DB_ERROR: Unknown database 'seating_bus'"}
{"level":"error","message":"Error from decoding JsonWebTokenError: invalid token"}
{"level":"error","message":"Error from decoding JsonWebTokenError: invalid token"}
{"level":"error","message":"Error from decoding JsonWebTokenError: invalid token"}
{"level":"error","message":"Error from decoding JsonWebTokenError: invalid token"}
{"level":"error","message":"ER_BAD_DB_ERROR: Unknown database 'seating_bus'"}
{"level":"error","message":"ER_BAD_DB_ERROR: Unknown database 'seating_bus'"}
{"level":"error","message":"Error from decoding JsonWebTokenError: invalid token"}
{"level":"error","message":"Error from decoding JsonWebTokenError: invalid token"}
{"level":"error","message":"ER_BAD_DB_ERROR: Unknown database 'seating_bus'"}
{"level":"error","message":"ER_BAD_DB_ERROR: Unknown database 'seating_bus'"}
{"level":"error","message":"Error from decoding JsonWebTokenError: invalid token"}
{"level":"error","message":"ER_BAD_DB_ERROR: Unknown database 'seating_bus'"}
{"level":"error","message":"Error from decoding JsonWebTokenError: invalid token"}
{"level":"error","message":"Error from decoding JsonWebTokenError: invalid token"}
{"level":"error","message":"ER_BAD_DB_ERROR: Unknown database 'seating_bus'"}
{"level":"error","message":"Error from decoding JsonWebTokenError: invalid token"}
{"level":"error","message":"Error from decoding JsonWebTokenError: jwt must be provided"}
{"level":"error","message":"ER_BAD_DB_ERROR: Unknown database 'seating_bus'"}
{"level":"error","message":"Error from decoding JsonWebTokenError: invalid token"}
{"level":"error","message":"Error from decoding JsonWebTokenError: invalid token"}
{"level":"error","message":"Error from decoding JsonWebTokenError: invalid token"}
{"level":"error","message":"ER_BAD_DB_ERROR: Unknown database 'seating_bus'"}
{"level":"error","message":"Error from decoding JsonWebTokenError: invalid token"}
{"level":"error","message":"ER_BAD_DB_ERROR: Unknown database 'seating_bus'"}
{"level":"error","message":"Error from decoding JsonWebTokenError: invalid token"}
{"level":"error","message":"ER_BAD_DB_ERROR: Unknown database 'seating_bus'"}
{"level":"error","message":"Error from decoding JsonWebTokenError: invalid token"}
{"level":"error","message":"ER_BAD_DB_ERROR: Unknown database 'seating_bus'"}
{"level":"error","message":"ER_BAD_DB_ERROR: Unknown database 'seating_bus'"}
{"level":"error","message":"ER_BAD_DB_ERROR: Unknown database 'seating_bus'"}
{"level":"error","message":"ER_BAD_DB_ERROR: Unknown database 'seating_bus'"}
{"level":"error","message":"ER_BAD_DB_ERROR: Unknown database 'seating_bus'"}
{"level":"error","message":"ER_BAD_DB_ERROR: Unknown database 'seating_bus'"}
{"level":"error","message":"ER_BAD_DB_ERROR: Unknown database 'seating_bus'"}
{"level":"error","message":"ER_BAD_DB_ERROR: Unknown database 'seating_bus'"}
{"level":"error","message":"ER_BAD_DB_ERROR: Unknown database 'seating_bus'"}
{"level":"error","message":"ER_BAD_DB_ERROR: Unknown database 'seating_bus'"}
{"level":"error","message":"ER_BAD_DB_ERROR: Unknown database 'seating_bus'"}
{"level":"error","message":"ER_BAD_DB_ERROR: Unknown database 'seating_bus'"}
{"level":"error","message":"ER_BAD_DB_ERROR: Unknown database 'seating_bus'"}
{"level":"error","message":"ER_BAD_DB_ERROR: Unknown database 'seating_bus'"}
{"level":"error","message":"ER_BAD_DB_ERROR: Unknown database 'seating_bus'"}
{"level":"error","message":"ER_BAD_DB_ERROR: Unknown database 'seating_bus'"}
{"level":"error","message":"ER_BAD_DB_ERROR: Unknown database 'seating_bus'"}
{"level":"error","message":"ER_BAD_DB_ERROR: Unknown database 'seating_bus'"}
{"level":"error","message":""}
{"level":"error","message":"ER_BAD_DB_ERROR: Unknown database 'seating_bus'"}
